build/app/outputs/mapping/release/mapping.txt
# compiler: R8
# compiler_version: 1.5.64
# min_api: 16
# pg_map_id: 89bc75f
...
androidx.versionedparcelable.VersionedParcelParcel -> androidx.versionedparcelable.b:
    android.util.SparseIntArray mPositionLookup -> d
    java.lang.String mPrefix -> h
    int mNextRead -> j
    android.os.Parcel mParcel -> e
    int mFieldId -> k
    int mCurrentField -> i
    int mOffset -> f
    int mEnd -> g
    void closeField() -> a
    boolean readField(int) -> a
    void writeBoolean(boolean) -> a
    void writeByteArray(byte[]) -> a
    void writeCharSequence(java.lang.CharSequence) -> a
    void writeParcelable(android.os.Parcelable) -> a
    void writeString(java.lang.String) -> a
    androidx.versionedparcelable.VersionedParcel createSubParcel() -> b
    void setOutputField(int) -> b
    void writeInt(int) -> c
    boolean readBoolean() -> d
    byte[] readByteArray() -> e
    java.lang.CharSequence readCharSequence() -> f
    int readInt() -> g
    android.os.Parcelable readParcelable() -> h
    java.lang.String readString() -> i
androidx.versionedparcelable.VersionedParcelable -> androidx.versionedparcelable.c:
io.flutter.FlutterInjector -> b.a.a:
    io.flutter.embedding.engine.dynamicfeatures.DynamicFeatureManager dynamicFeatureManager -> b
    io.flutter.embedding.engine.loader.FlutterLoader flutterLoader -> a
    io.flutter.FlutterInjector instance -> c
    io.flutter.embedding.engine.dynamicfeatures.DynamicFeatureManager dynamicFeatureManager() -> a
    io.flutter.embedding.engine.loader.FlutterLoader flutterLoader() -> b
    io.flutter.FlutterInjector instance() -> c
io.flutter.FlutterInjector$1 -> b.a.a$a:
io.flutter.FlutterInjector$Builder -> b.a.a$b:
    io.flutter.embedding.engine.dynamicfeatures.DynamicFeatureManager dynamicFeatureManager -> b
    io.flutter.embedding.engine.loader.FlutterLoader flutterLoader -> a
    io.flutter.FlutterInjector build() -> a
    void fillDefaults() -> b
io.flutter.Log -> b.a.b:
    void d(java.lang.String,java.lang.String) -> a
    void e(java.lang.String,java.lang.String,java.lang.Throwable) -> a
    void e(java.lang.String,java.lang.String) -> b
    void w(java.lang.String,java.lang.String,java.lang.Throwable) -> b
    void v(java.lang.String,java.lang.String) -> c
    void w(java.lang.String,java.lang.String) -> d
io.flutter.embedding.android.AndroidKeyProcessor -> io.flutter.embedding.android.a:
    io.flutter.embedding.engine.systemchannels.KeyEventChannel keyEventChannel -> a
    int combiningCharacter -> b
    io.flutter.embedding.android.AndroidKeyProcessor$EventResponder eventResponder -> c
    java.lang.Character applyCombiningCharacterToBaseCharacter(int) -> a
    void destroy() -> a
    boolean isCurrentEvent(android.view.KeyEvent) -> a
    boolean onKeyEvent(android.view.KeyEvent) -> b
io.flutter.embedding.android.AndroidKeyProcessor$EventResponder -> io.flutter.embedding.android.a$a:
    java.util.Deque pendingEvents -> a
    android.view.View view -> b
    io.flutter.plugin.editing.TextInputPlugin textInputPlugin -> c
    boolean access$000(io.flutter.embedding.android.AndroidKeyProcessor$EventResponder,android.view.KeyEvent) -> a
    android.view.KeyEvent access$100(io.flutter.embedding.android.AndroidKeyProcessor$EventResponder) -> a
    void onKeyEventNotHandled(android.view.KeyEvent) -> a
    android.view.KeyEvent removeHeadEvent() -> a
    void onKeyEventHandled(android.view.KeyEvent) -> b
    void addEvent(android.view.KeyEvent) -> c
    android.view.KeyEvent checkIsHeadEvent(android.view.KeyEvent) -> d
    boolean isHeadEvent(android.view.KeyEvent) -> e
    void redispatchKeyEvent(android.view.KeyEvent) -> f